ERROR - 2023-07-07 09:12:52 --> Column 'id_user' cannot be null
CRITICAL - 2023-07-07 09:12:52 --> Column 'id_user' cannot be null
#0 C:\xampp\htdocs\klinik-Pelita-Bangsa\system\Database\MySQLi\Connection.php(292): mysqli->query('INSERT INTO `pe...', 0)
#1 C:\xampp\htdocs\klinik-Pelita-Bangsa\system\Database\BaseConnection.php(670): CodeIgniter\Database\MySQLi\Connection->execute('INSERT INTO `pe...')
#2 C:\xampp\htdocs\klinik-Pelita-Bangsa\system\Database\BaseConnection.php(598): CodeIgniter\Database\BaseConnection->simpleQuery('INSERT INTO `pe...')
#3 C:\xampp\htdocs\klinik-Pelita-Bangsa\system\Database\BaseBuilder.php(1771): CodeIgniter\Database\BaseConnection->query('INSERT INTO `pe...', Array, false)
#4 C:\xampp\htdocs\klinik-Pelita-Bangsa\app\Models\M_daftar.php(27): CodeIgniter\Database\BaseBuilder->insert(Array)
#5 C:\xampp\htdocs\klinik-Pelita-Bangsa\app\Controllers\Daftar.php(63): App\Models\M_daftar->simpan(Array)
#6 C:\xampp\htdocs\klinik-Pelita-Bangsa\system\CodeIgniter.php(832): App\Controllers\Daftar->daftarPoliAksi()
#7 C:\xampp\htdocs\klinik-Pelita-Bangsa\system\CodeIgniter.php(419): CodeIgniter\CodeIgniter->runController(Object(App\Controllers\Daftar))
#8 C:\xampp\htdocs\klinik-Pelita-Bangsa\system\CodeIgniter.php(326): CodeIgniter\CodeIgniter->handleRequest(NULL, Object(Config\Cache), false)
#9 C:\xampp\htdocs\klinik-Pelita-Bangsa\public\index.php(37): CodeIgniter\CodeIgniter->run()
#10 C:\xampp\htdocs\klinik-Pelita-Bangsa\system\Commands\Server\rewrite.php(43): require_once('C:\\xampp\\htdocs...')
#11 {main}
ERROR - 2023-07-07 09:40:56 --> Column 'id_user' cannot be null
CRITICAL - 2023-07-07 09:40:57 --> Column 'id_user' cannot be null
#0 C:\xampp\htdocs\klinik-Pelita-Bangsa\system\Database\MySQLi\Connection.php(292): mysqli->query('INSERT INTO `pe...', 0)
#1 C:\xampp\htdocs\klinik-Pelita-Bangsa\system\Database\BaseConnection.php(670): CodeIgniter\Database\MySQLi\Connection->execute('INSERT INTO `pe...')
#2 C:\xampp\htdocs\klinik-Pelita-Bangsa\system\Database\BaseConnection.php(598): CodeIgniter\Database\BaseConnection->simpleQuery('INSERT INTO `pe...')
#3 C:\xampp\htdocs\klinik-Pelita-Bangsa\system\Database\BaseBuilder.php(1771): CodeIgniter\Database\BaseConnection->query('INSERT INTO `pe...', Array, false)
#4 C:\xampp\htdocs\klinik-Pelita-Bangsa\app\Models\M_daftar.php(27): CodeIgniter\Database\BaseBuilder->insert(Array)
#5 C:\xampp\htdocs\klinik-Pelita-Bangsa\app\Controllers\Daftar.php(63): App\Models\M_daftar->simpan(Array)
#6 C:\xampp\htdocs\klinik-Pelita-Bangsa\system\CodeIgniter.php(832): App\Controllers\Daftar->daftarPoliAksi()
#7 C:\xampp\htdocs\klinik-Pelita-Bangsa\system\CodeIgniter.php(419): CodeIgniter\CodeIgniter->runController(Object(App\Controllers\Daftar))
#8 C:\xampp\htdocs\klinik-Pelita-Bangsa\system\CodeIgniter.php(326): CodeIgniter\CodeIgniter->handleRequest(NULL, Object(Config\Cache), false)
#9 C:\xampp\htdocs\klinik-Pelita-Bangsa\public\index.php(37): CodeIgniter\CodeIgniter->run()
#10 C:\xampp\htdocs\klinik-Pelita-Bangsa\system\Commands\Server\rewrite.php(43): require_once('C:\\xampp\\htdocs...')
#11 {main}
ERROR - 2023-07-07 09:45:17 --> Column 'id_user' cannot be null
CRITICAL - 2023-07-07 09:45:17 --> Column 'id_user' cannot be null
#0 C:\xampp\htdocs\klinik-Pelita-Bangsa\system\Database\MySQLi\Connection.php(292): mysqli->query('INSERT INTO `pe...', 0)
#1 C:\xampp\htdocs\klinik-Pelita-Bangsa\system\Database\BaseConnection.php(670): CodeIgniter\Database\MySQLi\Connection->execute('INSERT INTO `pe...')
#2 C:\xampp\htdocs\klinik-Pelita-Bangsa\system\Database\BaseConnection.php(598): CodeIgniter\Database\BaseConnection->simpleQuery('INSERT INTO `pe...')
#3 C:\xampp\htdocs\klinik-Pelita-Bangsa\system\Database\BaseBuilder.php(1771): CodeIgniter\Database\BaseConnection->query('INSERT INTO `pe...', Array, false)
#4 C:\xampp\htdocs\klinik-Pelita-Bangsa\app\Models\M_daftar.php(27): CodeIgniter\Database\BaseBuilder->insert(Array)
#5 C:\xampp\htdocs\klinik-Pelita-Bangsa\app\Controllers\Daftar.php(63): App\Models\M_daftar->simpan(Array)
#6 C:\xampp\htdocs\klinik-Pelita-Bangsa\system\CodeIgniter.php(832): App\Controllers\Daftar->daftarPoliAksi()
#7 C:\xampp\htdocs\klinik-Pelita-Bangsa\system\CodeIgniter.php(419): CodeIgniter\CodeIgniter->runController(Object(App\Controllers\Daftar))
#8 C:\xampp\htdocs\klinik-Pelita-Bangsa\system\CodeIgniter.php(326): CodeIgniter\CodeIgniter->handleRequest(NULL, Object(Config\Cache), false)
#9 C:\xampp\htdocs\klinik-Pelita-Bangsa\public\index.php(37): CodeIgniter\CodeIgniter->run()
#10 C:\xampp\htdocs\klinik-Pelita-Bangsa\system\Commands\Server\rewrite.php(43): require_once('C:\\xampp\\htdocs...')
#11 {main}
