CRITICAL - 2023-07-05 21:52:48 --> Attempt to read property "foto" on null
#0 C:\xampp\htdocs\Experiment\klinik-Pelita-Bangsa\app\Views\layout\v_sidebar.php(20): CodeIgniter\Debug\Exceptions->errorHandler(2, 'Attempt to read...', 'C:\\xampp\\htdocs...', 20)
#1 C:\xampp\htdocs\Experiment\klinik-Pelita-Bangsa\system\View\View.php(210): include('C:\\xampp\\htdocs...')
#2 C:\xampp\htdocs\Experiment\klinik-Pelita-Bangsa\system\View\View.php(213): CodeIgniter\View\View->CodeIgniter\View\{closure}()
#3 C:\xampp\htdocs\Experiment\klinik-Pelita-Bangsa\system\View\View.php(424): CodeIgniter\View\View->render('layout/v_sideba...', NULL, true)
#4 C:\xampp\htdocs\Experiment\klinik-Pelita-Bangsa\app\Views\layout\v_template.php(52): CodeIgniter\View\View->include('layout/v_sideba...')
#5 C:\xampp\htdocs\Experiment\klinik-Pelita-Bangsa\system\View\View.php(210): include('C:\\xampp\\htdocs...')
#6 C:\xampp\htdocs\Experiment\klinik-Pelita-Bangsa\system\View\View.php(213): CodeIgniter\View\View->CodeIgniter\View\{closure}()
#7 C:\xampp\htdocs\Experiment\klinik-Pelita-Bangsa\system\View\View.php(226): CodeIgniter\View\View->render('layout/v_templa...', Array, true)
#8 C:\xampp\htdocs\Experiment\klinik-Pelita-Bangsa\system\Common.php(1089): CodeIgniter\View\View->render('chat/v_dchat', Array, true)
#9 C:\xampp\htdocs\Experiment\klinik-Pelita-Bangsa\app\Controllers\Chat.php(26): view('chat/v_dchat', Array)
#10 C:\xampp\htdocs\Experiment\klinik-Pelita-Bangsa\system\CodeIgniter.php(832): App\Controllers\Chat->index()
#11 C:\xampp\htdocs\Experiment\klinik-Pelita-Bangsa\system\CodeIgniter.php(419): CodeIgniter\CodeIgniter->runController(Object(App\Controllers\Chat))
#12 C:\xampp\htdocs\Experiment\klinik-Pelita-Bangsa\system\CodeIgniter.php(326): CodeIgniter\CodeIgniter->handleRequest(NULL, Object(Config\Cache), false)
#13 C:\xampp\htdocs\Experiment\klinik-Pelita-Bangsa\public\index.php(37): CodeIgniter\CodeIgniter->run()
#14 C:\xampp\htdocs\Experiment\klinik-Pelita-Bangsa\system\Commands\Server\rewrite.php(43): require_once('C:\\xampp\\htdocs...')
#15 {main}
CRITICAL - 2023-07-05 22:09:21 --> Attempt to read property "foto" on null
#0 C:\xampp\htdocs\Experiment\klinik-Pelita-Bangsa\app\Views\layout\v_sidebar.php(20): CodeIgniter\Debug\Exceptions->errorHandler(2, 'Attempt to read...', 'C:\\xampp\\htdocs...', 20)
#1 C:\xampp\htdocs\Experiment\klinik-Pelita-Bangsa\system\View\View.php(210): include('C:\\xampp\\htdocs...')
#2 C:\xampp\htdocs\Experiment\klinik-Pelita-Bangsa\system\View\View.php(213): CodeIgniter\View\View->CodeIgniter\View\{closure}()
#3 C:\xampp\htdocs\Experiment\klinik-Pelita-Bangsa\system\View\View.php(424): CodeIgniter\View\View->render('layout/v_sideba...', NULL, true)
#4 C:\xampp\htdocs\Experiment\klinik-Pelita-Bangsa\app\Views\layout\v_template.php(52): CodeIgniter\View\View->include('layout/v_sideba...')
#5 C:\xampp\htdocs\Experiment\klinik-Pelita-Bangsa\system\View\View.php(210): include('C:\\xampp\\htdocs...')
#6 C:\xampp\htdocs\Experiment\klinik-Pelita-Bangsa\system\View\View.php(213): CodeIgniter\View\View->CodeIgniter\View\{closure}()
#7 C:\xampp\htdocs\Experiment\klinik-Pelita-Bangsa\system\View\View.php(226): CodeIgniter\View\View->render('layout/v_templa...', Array, true)
#8 C:\xampp\htdocs\Experiment\klinik-Pelita-Bangsa\system\Common.php(1089): CodeIgniter\View\View->render('chat/v_dchat', Array, true)
#9 C:\xampp\htdocs\Experiment\klinik-Pelita-Bangsa\app\Controllers\Chat.php(26): view('chat/v_dchat', Array)
#10 C:\xampp\htdocs\Experiment\klinik-Pelita-Bangsa\system\CodeIgniter.php(832): App\Controllers\Chat->index()
#11 C:\xampp\htdocs\Experiment\klinik-Pelita-Bangsa\system\CodeIgniter.php(419): CodeIgniter\CodeIgniter->runController(Object(App\Controllers\Chat))
#12 C:\xampp\htdocs\Experiment\klinik-Pelita-Bangsa\system\CodeIgniter.php(326): CodeIgniter\CodeIgniter->handleRequest(NULL, Object(Config\Cache), false)
#13 C:\xampp\htdocs\Experiment\klinik-Pelita-Bangsa\public\index.php(37): CodeIgniter\CodeIgniter->run()
#14 C:\xampp\htdocs\Experiment\klinik-Pelita-Bangsa\system\Commands\Server\rewrite.php(43): require_once('C:\\xampp\\htdocs...')
#15 {main}
